<?xml version="1.0" encoding="UTF-8"?>
<testng-results ignored="0" total="1" passed="1" failed="0" skipped="0">
  <reporter-output>
  </reporter-output>
  <suite started-at="2023-07-28T13:06:25 IST" name="Default suite" finished-at="2023-07-28T13:06:25 IST" duration-ms="90">
    <groups>
    </groups>
    <test started-at="2023-07-28T13:06:25 IST" name="Default test" finished-at="2023-07-28T13:06:25 IST" duration-ms="90">
      <class name="Constructor.PS">
        <test-method signature="testRun()[pri:0, instance:Constructor.PS@32ee6fee]" started-at="2023-07-28T13:06:25 IST" name="testRun" finished-at="2023-07-28T13:06:25 IST" duration-ms="15" status="PASS">
          <reporter-output>
          </reporter-output>
        </test-method> <!-- testRun -->
      </class> <!-- Constructor.PS -->
    </test> <!-- Default test -->
  </suite> <!-- Default suite -->
</testng-results>
