<?xml version="1.0" encoding="UTF-8"?>
<testng-results ignored="0" total="1" passed="1" failed="0" skipped="0">
  <reporter-output>
  </reporter-output>
  <suite started-at="2023-08-03T13:01:28 IST" name="Default suite" finished-at="2023-08-03T13:01:34 IST" duration-ms="6016">
    <groups>
    </groups>
    <test started-at="2023-08-03T13:01:28 IST" name="Default test" finished-at="2023-08-03T13:01:34 IST" duration-ms="6016">
      <class name="TestingFrameWork.ExtentReports.ExtentReportDemo">
        <test-method is-config="true" signature="config()[pri:0, instance:TestingFrameWork.ExtentReports.ExtentReportDemo@27305e6]" started-at="2023-08-03T13:01:28 IST" name="config" finished-at="2023-08-03T13:01:29 IST" duration-ms="438" status="PASS">
          <reporter-output>
          </reporter-output>
        </test-method> <!-- config -->
        <test-method signature="initialDemo()[pri:0, instance:TestingFrameWork.ExtentReports.ExtentReportDemo@27305e6]" started-at="2023-08-03T13:01:29 IST" name="initialDemo" finished-at="2023-08-03T13:01:34 IST" duration-ms="5518" status="PASS">
          <reporter-output>
          </reporter-output>
        </test-method> <!-- initialDemo -->
      </class> <!-- TestingFrameWork.ExtentReports.ExtentReportDemo -->
    </test> <!-- Default test -->
  </suite> <!-- Default suite -->
</testng-results>
