<?xml version="1.0" encoding="UTF-8"?>
<testng-results ignored="0" total="1" passed="1" failed="0" skipped="0">
  <reporter-output>
  </reporter-output>
  <suite started-at="2023-08-10T13:51:59 IST" name="Default suite" finished-at="2023-08-10T13:52:01 IST" duration-ms="1480">
    <groups>
    </groups>
    <test started-at="2023-08-10T13:51:59 IST" name="Default test" finished-at="2023-08-10T13:52:01 IST" duration-ms="1480">
      <class name="dataDriven.excelDataProvider.excel">
        <test-method signature="getExcel()[pri:0, instance:dataDriven.excelDataProvider.excel@359df09a]" started-at="2023-08-10T13:52:00 IST" name="getExcel" finished-at="2023-08-10T13:52:01 IST" duration-ms="1406" status="PASS">
          <reporter-output>
          </reporter-output>
        </test-method> <!-- getExcel -->
      </class> <!-- dataDriven.excelDataProvider.excel -->
    </test> <!-- Default test -->
  </suite> <!-- Default suite -->
</testng-results>
