<?xml version="1.0" encoding="UTF-8"?>
<!-- Generated by org.testng.reporters.JUnitXMLReporter -->
<testsuite ignored="1" hostname="Kratikas-MacBook-Air.local" failures="0" tests="2" name="Car Loan" time="0.015" errors="0" timestamp="2023-07-27T11:39:59 IST">
  <testcase classname="TestNG_T.day3" name="apiLogincarloan" time="0.002"/>
  <testcase classname="TestNG_T.day3" name="weblogincarloan" time="0.002"/>
  <testcase classname="TestNG_T.day3" name="mobileLogincarloan" time="0.0">
    <ignored/>
  </testcase> <!-- mobileLogincarloan -->
</testsuite> <!-- Car Loan -->
