<?xml version="1.0" encoding="UTF-8"?>
<!-- Generated by org.testng.reporters.JUnitXMLReporter -->
<testsuite ignored="0" hostname="Kratikas-MacBook-Air.local" failures="0" tests="3" name="Personal Loan" time="0.087" errors="0" timestamp="2023-07-27T11:39:58 IST">
  <testcase classname="TestNG_T.day1" name="Demo" time="0.008"/>
  <testcase classname="TestNG_T.day1" name="SecondTest" time="0.004"/>
  <testcase classname="TestNG_T.day2" name="secondTest" time="0.002"/>
</testsuite> <!-- Personal Loan -->
