<?xml version="1.0" encoding="UTF-8"?>
<!-- Generated by org.testng.reporters.JUnitXMLReporter -->
<testsuite ignored="0" hostname="Kratikas-MacBook-Air.local" failures="0" tests="6" name="Regression" time="0.171" errors="0" timestamp="2023-07-27T14:49:08 IST">
  <testcase classname="TestNG_T.day1" name="Demo" time="0.006"/>
  <testcase classname="TestNG_T.day1" name="SecondTest" time="0.003"/>
  <testcase classname="TestNG_T.day3" name="apiLogincarloan" time="0.019"/>
  <testcase classname="TestNG_T.day3" name="mobileLogincarloan" time="0.006"/>
  <testcase classname="TestNG_T.day3" name="weblogincarloan" time="0.003"/>
  <testcase classname="TestNG_T.day4" name="para" time="0.008"/>
</testsuite> <!-- Regression -->
